<?xml version="1.0" encoding="UTF-8"?>
<testng-results ignored="0" total="1" passed="1" failed="0" skipped="0">
  <reporter-output>
  </reporter-output>
  <suite started-at="2022-12-04T09:30:34 EST" name="Default suite" finished-at="2022-12-04T09:30:34 EST" duration-ms="55">
    <groups>
    </groups>
    <test started-at="2022-12-04T09:30:34 EST" name="Default test" finished-at="2022-12-04T09:30:34 EST" duration-ms="55">
      <class name="JavaStream1">
        <test-method signature="streamCollect()[pri:0, instance:JavaStream1@28f3b248]" started-at="2022-12-04T09:30:34 EST" name="streamCollect" finished-at="2022-12-04T09:30:34 EST" duration-ms="12" status="PASS">
          <reporter-output>
          </reporter-output>
        </test-method> <!-- streamCollect -->
      </class> <!-- JavaStream1 -->
    </test> <!-- Default test -->
  </suite> <!-- Default suite -->
</testng-results>
